2017-05-26 18:44:45,791 INFO 9296 [egg:logger] init all loggers with options: {"dir":"E:\\wamp\\sumi-server\\logs\\sumi-server","encoding":"utf8","env":"unittest","level":"INFO","consoleLevel":"WARN","outputJSON":false,"buffer":false,"appLogName":"sumi-server-web.log","coreLogName":"egg-web.log","agentLogName":"egg-agent.log","errorLogName":"common-error.log","coreLogger":{},"type":"application"}
2017-05-26 18:44:45,805 INFO 9296 [egg-schedule]: register schedule egg-schedule:E:\wamp\sumi-server\node_modules\egg-logrotator\app\schedule\clean_log.js
2017-05-26 18:44:45,805 INFO 9296 [egg-schedule]: register schedule egg-schedule:E:\wamp\sumi-server\node_modules\egg-logrotator\app\schedule\rotate_by_file.js
2017-05-26 18:44:45,807 INFO 9296 [egg-mysql] connecting root@192.168.16.254:3306/cq
2017-05-26 18:44:45,988 INFO 9296 [egg-static] starting static serve /public/ -> E:\wamp\sumi-server\app\public
2017-05-26 18:44:45,991 INFO 9296 [egg-security] use methodnoallow middleware
2017-05-26 18:44:45,991 INFO 9296 [egg-security] use noopen middleware
2017-05-26 18:44:45,991 INFO 9296 [egg-security] use nosniff middleware
2017-05-26 18:44:45,992 INFO 9296 [egg-security] use xssProtection middleware
2017-05-26 18:44:45,992 INFO 9296 [egg-security] use xframe middleware
2017-05-26 18:44:45,992 INFO 9296 [egg-security] compose 5 middlewares into one security middleware
2017-05-26 18:44:46,013 INFO 9296 [egg-watcher:app] watcher start success
2017-05-26 18:44:46,024 INFO 9296 [egg-mysql] instance[0] status OK, rds currentTime: Fri May 26 2017 18:35:53 GMT+0800 (中国标准时间)
2017-05-27 12:05:39,710 INFO 8672 [egg:logger] init all loggers with options: {"dir":"E:\\wamp\\sumi-server\\logs\\sumi-server","encoding":"utf8","env":"local","level":"INFO","consoleLevel":"INFO","outputJSON":false,"buffer":true,"appLogName":"sumi-server-web.log","coreLogName":"egg-web.log","agentLogName":"egg-agent.log","errorLogName":"common-error.log","coreLogger":{"consoleLevel":"WARN"},"type":"application"}
2017-05-27 12:05:39,743 INFO 8672 [egg-schedule]: register schedule egg-schedule:E:\wamp\sumi-server\node_modules\egg-logrotator\app\schedule\clean_log.js
2017-05-27 12:05:39,743 INFO 8672 [egg-schedule]: register schedule egg-schedule:E:\wamp\sumi-server\node_modules\egg-logrotator\app\schedule\rotate_by_file.js
2017-05-27 12:05:39,752 INFO 8672 [egg-mysql] connecting root@192.168.16.254:3306/cq
2017-05-27 12:05:39,925 INFO 8672 [egg-static] starting static serve /public/ -> E:\wamp\sumi-server\app\public
2017-05-27 12:05:39,927 INFO 8672 [egg-security] use methodnoallow middleware
2017-05-27 12:05:39,927 INFO 8672 [egg-security] use noopen middleware
2017-05-27 12:05:39,927 INFO 8672 [egg-security] use nosniff middleware
2017-05-27 12:05:39,928 INFO 8672 [egg-security] use xssProtection middleware
2017-05-27 12:05:39,928 INFO 8672 [egg-security] use xframe middleware
2017-05-27 12:05:39,928 INFO 8672 [egg-security] compose 5 middlewares into one security middleware
2017-05-27 12:05:40,014 INFO 8672 [egg-watcher:app] watcher start success
2017-05-27 12:05:40,020 INFO 8672 [egg-mysql] instance[0] status OK, rds currentTime: Sat May 27 2017 11:56:45 GMT+0800 (中国标准时间)
2017-05-27 12:06:39,337 INFO 8904 [egg:logger] init all loggers with options: {"dir":"E:\\wamp\\sumi-server\\logs\\sumi-server","encoding":"utf8","env":"local","level":"INFO","consoleLevel":"INFO","outputJSON":false,"buffer":true,"appLogName":"sumi-server-web.log","coreLogName":"egg-web.log","agentLogName":"egg-agent.log","errorLogName":"common-error.log","coreLogger":{"consoleLevel":"WARN"},"type":"application"}
2017-05-27 12:06:39,370 INFO 8904 [egg-schedule]: register schedule egg-schedule:E:\wamp\sumi-server\node_modules\egg-logrotator\app\schedule\clean_log.js
2017-05-27 12:06:39,370 INFO 8904 [egg-schedule]: register schedule egg-schedule:E:\wamp\sumi-server\node_modules\egg-logrotator\app\schedule\rotate_by_file.js
2017-05-27 12:06:39,378 INFO 8904 [egg-mysql] connecting root@192.168.16.254:3306/cq
2017-05-27 12:06:39,562 INFO 8904 [egg-static] starting static serve /public/ -> E:\wamp\sumi-server\app\public
2017-05-27 12:06:39,566 INFO 8904 [egg-security] use methodnoallow middleware
2017-05-27 12:06:39,567 INFO 8904 [egg-security] use noopen middleware
2017-05-27 12:06:39,567 INFO 8904 [egg-security] use nosniff middleware
2017-05-27 12:06:39,567 INFO 8904 [egg-security] use xssProtection middleware
2017-05-27 12:06:39,568 INFO 8904 [egg-security] use xframe middleware
2017-05-27 12:06:39,568 INFO 8904 [egg-security] compose 5 middlewares into one security middleware
2017-05-27 12:06:39,616 INFO 8904 [egg-watcher:app] watcher start success
2017-05-27 12:06:39,621 INFO 8904 [egg-mysql] instance[0] status OK, rds currentTime: Sat May 27 2017 11:57:45 GMT+0800 (中国标准时间)
2017-05-27 12:11:34,550 INFO 3216 [egg:logger] init all loggers with options: {"dir":"E:\\wamp\\sumi-server\\logs\\sumi-server","encoding":"utf8","env":"local","level":"INFO","consoleLevel":"INFO","outputJSON":false,"buffer":true,"appLogName":"sumi-server-web.log","coreLogName":"egg-web.log","agentLogName":"egg-agent.log","errorLogName":"common-error.log","coreLogger":{"consoleLevel":"WARN"},"type":"application"}
2017-05-27 12:11:34,583 INFO 3216 [egg-schedule]: register schedule egg-schedule:E:\wamp\sumi-server\node_modules\egg-logrotator\app\schedule\clean_log.js
2017-05-27 12:11:34,583 INFO 3216 [egg-schedule]: register schedule egg-schedule:E:\wamp\sumi-server\node_modules\egg-logrotator\app\schedule\rotate_by_file.js
2017-05-27 12:11:34,591 INFO 3216 [egg-mysql] connecting root@192.168.16.254:3306/cq
2017-05-27 12:11:34,770 INFO 3216 [egg-static] starting static serve /public/ -> E:\wamp\sumi-server\app\public
2017-05-27 12:11:34,772 INFO 3216 [egg-security] use methodnoallow middleware
2017-05-27 12:11:34,772 INFO 3216 [egg-security] use noopen middleware
2017-05-27 12:11:34,772 INFO 3216 [egg-security] use nosniff middleware
2017-05-27 12:11:34,773 INFO 3216 [egg-security] use xssProtection middleware
2017-05-27 12:11:34,773 INFO 3216 [egg-security] use xframe middleware
2017-05-27 12:11:34,773 INFO 3216 [egg-security] compose 5 middlewares into one security middleware
2017-05-27 12:11:34,819 INFO 3216 [egg-watcher:app] watcher start success
2017-05-27 12:11:34,834 INFO 3216 [egg-mysql] instance[0] status OK, rds currentTime: Sat May 27 2017 12:02:40 GMT+0800 (中国标准时间)
2017-05-27 12:13:21,119 INFO 8376 [egg:logger] init all loggers with options: {"dir":"E:\\wamp\\sumi-server\\logs\\sumi-server","encoding":"utf8","env":"local","level":"INFO","consoleLevel":"INFO","outputJSON":false,"buffer":true,"appLogName":"sumi-server-web.log","coreLogName":"egg-web.log","agentLogName":"egg-agent.log","errorLogName":"common-error.log","coreLogger":{"consoleLevel":"WARN"},"type":"application"}
2017-05-27 12:13:21,149 INFO 8376 [egg-schedule]: register schedule egg-schedule:E:\wamp\sumi-server\node_modules\egg-logrotator\app\schedule\clean_log.js
2017-05-27 12:13:21,150 INFO 8376 [egg-schedule]: register schedule egg-schedule:E:\wamp\sumi-server\node_modules\egg-logrotator\app\schedule\rotate_by_file.js
2017-05-27 12:13:21,157 INFO 8376 [egg-mysql] connecting root@192.168.16.254:3306/cq
2017-05-27 12:13:21,326 INFO 8376 [egg-static] starting static serve /public/ -> E:\wamp\sumi-server\app\public
2017-05-27 12:13:21,328 INFO 8376 [egg-security] use methodnoallow middleware
2017-05-27 12:13:21,329 INFO 8376 [egg-security] use noopen middleware
2017-05-27 12:13:21,329 INFO 8376 [egg-security] use nosniff middleware
2017-05-27 12:13:21,329 INFO 8376 [egg-security] use xssProtection middleware
2017-05-27 12:13:21,330 INFO 8376 [egg-security] use xframe middleware
2017-05-27 12:13:21,330 INFO 8376 [egg-security] compose 5 middlewares into one security middleware
2017-05-27 12:13:21,374 INFO 8376 [egg-watcher:app] watcher start success
2017-05-27 12:13:21,383 INFO 8376 [egg-mysql] instance[0] status OK, rds currentTime: Sat May 27 2017 12:04:27 GMT+0800 (中国标准时间)
2017-05-27 12:13:28,277 INFO 4200 [egg:logger] init all loggers with options: {"dir":"E:\\wamp\\sumi-server\\logs\\sumi-server","encoding":"utf8","env":"local","level":"INFO","consoleLevel":"INFO","outputJSON":false,"buffer":true,"appLogName":"sumi-server-web.log","coreLogName":"egg-web.log","agentLogName":"egg-agent.log","errorLogName":"common-error.log","coreLogger":{"consoleLevel":"WARN"},"type":"application"}
2017-05-27 12:13:28,309 INFO 4200 [egg-schedule]: register schedule egg-schedule:E:\wamp\sumi-server\node_modules\egg-logrotator\app\schedule\clean_log.js
2017-05-27 12:13:28,309 INFO 4200 [egg-schedule]: register schedule egg-schedule:E:\wamp\sumi-server\node_modules\egg-logrotator\app\schedule\rotate_by_file.js
2017-05-27 12:13:28,316 INFO 4200 [egg-mysql] connecting root@192.168.16.254:3306/cq
2017-05-27 12:13:28,488 INFO 4200 [egg-static] starting static serve /public/ -> E:\wamp\sumi-server\app\public
2017-05-27 12:13:28,490 INFO 4200 [egg-security] use methodnoallow middleware
2017-05-27 12:13:28,490 INFO 4200 [egg-security] use noopen middleware
2017-05-27 12:13:28,490 INFO 4200 [egg-security] use nosniff middleware
2017-05-27 12:13:28,491 INFO 4200 [egg-security] use xssProtection middleware
2017-05-27 12:13:28,491 INFO 4200 [egg-security] use xframe middleware
2017-05-27 12:13:28,491 INFO 4200 [egg-security] compose 5 middlewares into one security middleware
2017-05-27 12:13:28,533 INFO 4200 [egg-watcher:app] watcher start success
2017-05-27 12:13:28,548 INFO 4200 [egg-mysql] instance[0] status OK, rds currentTime: Sat May 27 2017 12:04:34 GMT+0800 (中国标准时间)
2017-05-27 12:14:58,402 INFO 9556 [egg:logger] init all loggers with options: {"dir":"E:\\wamp\\sumi-server\\logs\\sumi-server","encoding":"utf8","env":"local","level":"INFO","consoleLevel":"INFO","outputJSON":false,"buffer":true,"appLogName":"sumi-server-web.log","coreLogName":"egg-web.log","agentLogName":"egg-agent.log","errorLogName":"common-error.log","coreLogger":{"consoleLevel":"WARN"},"type":"application"}
2017-05-27 12:14:58,444 INFO 9556 [egg-schedule]: register schedule egg-schedule:E:\wamp\sumi-server\node_modules\egg-logrotator\app\schedule\clean_log.js
2017-05-27 12:14:58,445 INFO 9556 [egg-schedule]: register schedule egg-schedule:E:\wamp\sumi-server\node_modules\egg-logrotator\app\schedule\rotate_by_file.js
2017-05-27 12:14:58,453 INFO 9556 [egg-mysql] connecting root@192.168.16.254:3306/cq
2017-05-27 12:14:58,637 INFO 9556 [egg-static] starting static serve /public/ -> E:\wamp\sumi-server\app\public
2017-05-27 12:14:58,640 INFO 9556 [egg-security] use methodnoallow middleware
2017-05-27 12:14:58,640 INFO 9556 [egg-security] use noopen middleware
2017-05-27 12:14:58,640 INFO 9556 [egg-security] use nosniff middleware
2017-05-27 12:14:58,641 INFO 9556 [egg-security] use xssProtection middleware
2017-05-27 12:14:58,641 INFO 9556 [egg-security] use xframe middleware
2017-05-27 12:14:58,641 INFO 9556 [egg-security] compose 5 middlewares into one security middleware
2017-05-27 12:14:58,692 INFO 9556 [egg-watcher:app] watcher start success
2017-05-27 12:14:58,705 INFO 9556 [egg-mysql] instance[0] status OK, rds currentTime: Sat May 27 2017 12:06:04 GMT+0800 (中国标准时间)
2017-05-27 12:15:40,512 INFO 10060 [egg:logger] init all loggers with options: {"dir":"E:\\wamp\\sumi-server\\logs\\sumi-server","encoding":"utf8","env":"local","level":"INFO","consoleLevel":"INFO","outputJSON":false,"buffer":true,"appLogName":"sumi-server-web.log","coreLogName":"egg-web.log","agentLogName":"egg-agent.log","errorLogName":"common-error.log","coreLogger":{"consoleLevel":"WARN"},"type":"application"}
2017-05-27 12:15:40,545 INFO 10060 [egg-schedule]: register schedule egg-schedule:E:\wamp\sumi-server\node_modules\egg-logrotator\app\schedule\clean_log.js
2017-05-27 12:15:40,545 INFO 10060 [egg-schedule]: register schedule egg-schedule:E:\wamp\sumi-server\node_modules\egg-logrotator\app\schedule\rotate_by_file.js
2017-05-27 12:15:40,554 INFO 10060 [egg-mysql] connecting root@192.168.16.254:3306/cq
2017-05-27 12:15:40,734 INFO 10060 [egg-static] starting static serve /public/ -> E:\wamp\sumi-server\app\public
2017-05-27 12:15:40,737 INFO 10060 [egg-security] use methodnoallow middleware
2017-05-27 12:15:40,738 INFO 10060 [egg-security] use noopen middleware
2017-05-27 12:15:40,738 INFO 10060 [egg-security] use nosniff middleware
2017-05-27 12:15:40,739 INFO 10060 [egg-security] use xssProtection middleware
2017-05-27 12:15:40,739 INFO 10060 [egg-security] use xframe middleware
2017-05-27 12:15:40,739 INFO 10060 [egg-security] compose 5 middlewares into one security middleware
2017-05-27 12:15:40,788 INFO 10060 [egg-watcher:app] watcher start success
2017-05-27 12:15:40,795 INFO 10060 [egg-mysql] instance[0] status OK, rds currentTime: Sat May 27 2017 12:06:46 GMT+0800 (中国标准时间)
2017-05-27 12:15:48,032 INFO 9304 [egg:logger] init all loggers with options: {"dir":"E:\\wamp\\sumi-server\\logs\\sumi-server","encoding":"utf8","env":"local","level":"INFO","consoleLevel":"INFO","outputJSON":false,"buffer":true,"appLogName":"sumi-server-web.log","coreLogName":"egg-web.log","agentLogName":"egg-agent.log","errorLogName":"common-error.log","coreLogger":{"consoleLevel":"WARN"},"type":"application"}
2017-05-27 12:15:48,071 INFO 9304 [egg-schedule]: register schedule egg-schedule:E:\wamp\sumi-server\node_modules\egg-logrotator\app\schedule\clean_log.js
2017-05-27 12:15:48,071 INFO 9304 [egg-schedule]: register schedule egg-schedule:E:\wamp\sumi-server\node_modules\egg-logrotator\app\schedule\rotate_by_file.js
2017-05-27 12:15:48,079 INFO 9304 [egg-mysql] connecting root@192.168.16.254:3306/cq
2017-05-27 12:15:48,247 INFO 9304 [egg-static] starting static serve /public/ -> E:\wamp\sumi-server\app\public
2017-05-27 12:15:48,249 INFO 9304 [egg-security] use methodnoallow middleware
2017-05-27 12:15:48,250 INFO 9304 [egg-security] use noopen middleware
2017-05-27 12:15:48,250 INFO 9304 [egg-security] use nosniff middleware
2017-05-27 12:15:48,250 INFO 9304 [egg-security] use xssProtection middleware
2017-05-27 12:15:48,251 INFO 9304 [egg-security] use xframe middleware
2017-05-27 12:15:48,251 INFO 9304 [egg-security] compose 5 middlewares into one security middleware
2017-05-27 12:15:48,294 INFO 9304 [egg-watcher:app] watcher start success
2017-05-27 12:15:48,309 INFO 9304 [egg-mysql] instance[0] status OK, rds currentTime: Sat May 27 2017 12:06:53 GMT+0800 (中国标准时间)
2017-05-27 12:16:39,638 INFO 8336 [egg:logger] init all loggers with options: {"dir":"E:\\wamp\\sumi-server\\logs\\sumi-server","encoding":"utf8","env":"local","level":"INFO","consoleLevel":"INFO","outputJSON":false,"buffer":true,"appLogName":"sumi-server-web.log","coreLogName":"egg-web.log","agentLogName":"egg-agent.log","errorLogName":"common-error.log","coreLogger":{"consoleLevel":"WARN"},"type":"application"}
2017-05-27 12:16:39,671 INFO 8336 [egg-schedule]: register schedule egg-schedule:E:\wamp\sumi-server\node_modules\egg-logrotator\app\schedule\clean_log.js
2017-05-27 12:16:39,671 INFO 8336 [egg-schedule]: register schedule egg-schedule:E:\wamp\sumi-server\node_modules\egg-logrotator\app\schedule\rotate_by_file.js
2017-05-27 12:16:39,678 INFO 8336 [egg-mysql] connecting root@192.168.16.254:3306/cq
2017-05-27 12:16:39,856 INFO 8336 [egg-static] starting static serve /public/ -> E:\wamp\sumi-server\app\public
2017-05-27 12:16:39,857 INFO 8336 [egg-security] use methodnoallow middleware
2017-05-27 12:16:39,858 INFO 8336 [egg-security] use noopen middleware
2017-05-27 12:16:39,858 INFO 8336 [egg-security] use nosniff middleware
2017-05-27 12:16:39,858 INFO 8336 [egg-security] use xssProtection middleware
2017-05-27 12:16:39,859 INFO 8336 [egg-security] use xframe middleware
2017-05-27 12:16:39,859 INFO 8336 [egg-security] compose 5 middlewares into one security middleware
2017-05-27 12:16:39,912 INFO 8336 [egg-watcher:app] watcher start success
2017-05-27 12:16:39,919 INFO 8336 [egg-mysql] instance[0] status OK, rds currentTime: Sat May 27 2017 12:07:45 GMT+0800 (中国标准时间)
2017-05-27 12:17:01,204 INFO 9160 [egg:logger] init all loggers with options: {"dir":"E:\\wamp\\sumi-server\\logs\\sumi-server","encoding":"utf8","env":"local","level":"INFO","consoleLevel":"INFO","outputJSON":false,"buffer":true,"appLogName":"sumi-server-web.log","coreLogName":"egg-web.log","agentLogName":"egg-agent.log","errorLogName":"common-error.log","coreLogger":{"consoleLevel":"WARN"},"type":"application"}
2017-05-27 12:17:01,237 INFO 9160 [egg-schedule]: register schedule egg-schedule:E:\wamp\sumi-server\node_modules\egg-logrotator\app\schedule\clean_log.js
2017-05-27 12:17:01,237 INFO 9160 [egg-schedule]: register schedule egg-schedule:E:\wamp\sumi-server\node_modules\egg-logrotator\app\schedule\rotate_by_file.js
2017-05-27 12:17:01,246 INFO 9160 [egg-mysql] connecting root@192.168.16.254:3306/cq
2017-05-27 12:17:01,426 INFO 9160 [egg-static] starting static serve /public/ -> E:\wamp\sumi-server\app\public
2017-05-27 12:17:01,428 INFO 9160 [egg-security] use methodnoallow middleware
2017-05-27 12:17:01,428 INFO 9160 [egg-security] use noopen middleware
2017-05-27 12:17:01,429 INFO 9160 [egg-security] use nosniff middleware
2017-05-27 12:17:01,429 INFO 9160 [egg-security] use xssProtection middleware
2017-05-27 12:17:01,429 INFO 9160 [egg-security] use xframe middleware
2017-05-27 12:17:01,429 INFO 9160 [egg-security] compose 5 middlewares into one security middleware
2017-05-27 12:17:01,480 INFO 9160 [egg-watcher:app] watcher start success
2017-05-27 12:17:01,489 INFO 9160 [egg-mysql] instance[0] status OK, rds currentTime: Sat May 27 2017 12:08:07 GMT+0800 (中国标准时间)
2017-05-27 12:17:10,092 INFO 9472 [egg:logger] init all loggers with options: {"dir":"E:\\wamp\\sumi-server\\logs\\sumi-server","encoding":"utf8","env":"local","level":"INFO","consoleLevel":"INFO","outputJSON":false,"buffer":true,"appLogName":"sumi-server-web.log","coreLogName":"egg-web.log","agentLogName":"egg-agent.log","errorLogName":"common-error.log","coreLogger":{"consoleLevel":"WARN"},"type":"application"}
2017-05-27 12:17:10,127 INFO 9472 [egg-schedule]: register schedule egg-schedule:E:\wamp\sumi-server\node_modules\egg-logrotator\app\schedule\clean_log.js
2017-05-27 12:17:10,127 INFO 9472 [egg-schedule]: register schedule egg-schedule:E:\wamp\sumi-server\node_modules\egg-logrotator\app\schedule\rotate_by_file.js
2017-05-27 12:17:10,136 INFO 9472 [egg-mysql] connecting root@192.168.16.254:3306/cq
2017-05-27 12:17:10,312 INFO 9472 [egg-static] starting static serve /public/ -> E:\wamp\sumi-server\app\public
2017-05-27 12:17:10,314 INFO 9472 [egg-security] use methodnoallow middleware
2017-05-27 12:17:10,315 INFO 9472 [egg-security] use noopen middleware
2017-05-27 12:17:10,315 INFO 9472 [egg-security] use nosniff middleware
2017-05-27 12:17:10,315 INFO 9472 [egg-security] use xssProtection middleware
2017-05-27 12:17:10,316 INFO 9472 [egg-security] use xframe middleware
2017-05-27 12:17:10,316 INFO 9472 [egg-security] compose 5 middlewares into one security middleware
2017-05-27 12:17:10,364 INFO 9472 [egg-watcher:app] watcher start success
2017-05-27 12:17:10,374 INFO 9472 [egg-mysql] instance[0] status OK, rds currentTime: Sat May 27 2017 12:08:16 GMT+0800 (中国标准时间)
2017-05-27 12:17:20,685 INFO 5232 [egg:logger] init all loggers with options: {"dir":"E:\\wamp\\sumi-server\\logs\\sumi-server","encoding":"utf8","env":"local","level":"INFO","consoleLevel":"INFO","outputJSON":false,"buffer":true,"appLogName":"sumi-server-web.log","coreLogName":"egg-web.log","agentLogName":"egg-agent.log","errorLogName":"common-error.log","coreLogger":{"consoleLevel":"WARN"},"type":"application"}
2017-05-27 12:17:20,719 INFO 5232 [egg-schedule]: register schedule egg-schedule:E:\wamp\sumi-server\node_modules\egg-logrotator\app\schedule\clean_log.js
2017-05-27 12:17:20,719 INFO 5232 [egg-schedule]: register schedule egg-schedule:E:\wamp\sumi-server\node_modules\egg-logrotator\app\schedule\rotate_by_file.js
2017-05-27 12:17:20,727 INFO 5232 [egg-mysql] connecting root@192.168.16.254:3306/cq
2017-05-27 12:17:20,909 INFO 5232 [egg-static] starting static serve /public/ -> E:\wamp\sumi-server\app\public
2017-05-27 12:17:20,911 INFO 5232 [egg-security] use methodnoallow middleware
2017-05-27 12:17:20,911 INFO 5232 [egg-security] use noopen middleware
2017-05-27 12:17:20,911 INFO 5232 [egg-security] use nosniff middleware
2017-05-27 12:17:20,912 INFO 5232 [egg-security] use xssProtection middleware
2017-05-27 12:17:20,912 INFO 5232 [egg-security] use xframe middleware
2017-05-27 12:17:20,912 INFO 5232 [egg-security] compose 5 middlewares into one security middleware
2017-05-27 12:17:20,959 INFO 5232 [egg-watcher:app] watcher start success
2017-05-27 12:17:20,976 INFO 5232 [egg-mysql] instance[0] status OK, rds currentTime: Sat May 27 2017 12:08:26 GMT+0800 (中国标准时间)
2017-05-27 12:18:15,444 INFO 9940 [egg:logger] init all loggers with options: {"dir":"E:\\wamp\\sumi-server\\logs\\sumi-server","encoding":"utf8","env":"local","level":"INFO","consoleLevel":"INFO","outputJSON":false,"buffer":true,"appLogName":"sumi-server-web.log","coreLogName":"egg-web.log","agentLogName":"egg-agent.log","errorLogName":"common-error.log","coreLogger":{"consoleLevel":"WARN"},"type":"application"}
2017-05-27 12:18:15,478 INFO 9940 [egg-schedule]: register schedule egg-schedule:E:\wamp\sumi-server\node_modules\egg-logrotator\app\schedule\clean_log.js
2017-05-27 12:18:15,478 INFO 9940 [egg-schedule]: register schedule egg-schedule:E:\wamp\sumi-server\node_modules\egg-logrotator\app\schedule\rotate_by_file.js
2017-05-27 12:18:15,486 INFO 9940 [egg-mysql] connecting root@192.168.16.254:3306/cq
2017-05-27 12:18:15,668 INFO 9940 [egg-static] starting static serve /public/ -> E:\wamp\sumi-server\app\public
2017-05-27 12:18:15,671 INFO 9940 [egg-security] use methodnoallow middleware
2017-05-27 12:18:15,671 INFO 9940 [egg-security] use noopen middleware
2017-05-27 12:18:15,671 INFO 9940 [egg-security] use nosniff middleware
2017-05-27 12:18:15,672 INFO 9940 [egg-security] use xssProtection middleware
2017-05-27 12:18:15,672 INFO 9940 [egg-security] use xframe middleware
2017-05-27 12:18:15,672 INFO 9940 [egg-security] compose 5 middlewares into one security middleware
2017-05-27 12:18:15,722 INFO 9940 [egg-watcher:app] watcher start success
2017-05-27 12:18:15,732 INFO 9940 [egg-mysql] instance[0] status OK, rds currentTime: Sat May 27 2017 12:09:21 GMT+0800 (中国标准时间)
2017-05-27 12:20:47,009 INFO 9932 [egg:logger] init all loggers with options: {"dir":"E:\\wamp\\sumi-server\\logs\\sumi-server","encoding":"utf8","env":"local","level":"INFO","consoleLevel":"INFO","outputJSON":false,"buffer":true,"appLogName":"sumi-server-web.log","coreLogName":"egg-web.log","agentLogName":"egg-agent.log","errorLogName":"common-error.log","coreLogger":{"consoleLevel":"WARN"},"type":"application"}
2017-05-27 12:20:47,043 INFO 9932 [egg-schedule]: register schedule egg-schedule:E:\wamp\sumi-server\node_modules\egg-logrotator\app\schedule\clean_log.js
2017-05-27 12:20:47,043 INFO 9932 [egg-schedule]: register schedule egg-schedule:E:\wamp\sumi-server\node_modules\egg-logrotator\app\schedule\rotate_by_file.js
2017-05-27 12:20:47,051 INFO 9932 [egg-mysql] connecting root@192.168.16.254:3306/cq
2017-05-27 12:20:47,235 INFO 9932 [egg-static] starting static serve /public/ -> E:\wamp\sumi-server\app\public
2017-05-27 12:20:47,237 INFO 9932 [egg-security] use methodnoallow middleware
2017-05-27 12:20:47,238 INFO 9932 [egg-security] use noopen middleware
2017-05-27 12:20:47,238 INFO 9932 [egg-security] use nosniff middleware
2017-05-27 12:20:47,239 INFO 9932 [egg-security] use xssProtection middleware
2017-05-27 12:20:47,239 INFO 9932 [egg-security] use xframe middleware
2017-05-27 12:20:47,239 INFO 9932 [egg-security] compose 5 middlewares into one security middleware
2017-05-27 12:20:47,284 INFO 9932 [egg-watcher:app] watcher start success
2017-05-27 12:20:47,295 INFO 9932 [egg-mysql] instance[0] status OK, rds currentTime: Sat May 27 2017 12:11:52 GMT+0800 (中国标准时间)
2017-05-27 12:24:27,792 INFO 9160 [egg:logger] init all loggers with options: {"dir":"E:\\wamp\\sumi-server\\logs\\sumi-server","encoding":"utf8","env":"local","level":"INFO","consoleLevel":"INFO","outputJSON":false,"buffer":true,"appLogName":"sumi-server-web.log","coreLogName":"egg-web.log","agentLogName":"egg-agent.log","errorLogName":"common-error.log","coreLogger":{"consoleLevel":"WARN"},"type":"application"}
2017-05-27 12:24:27,825 INFO 9160 [egg-schedule]: register schedule egg-schedule:E:\wamp\sumi-server\node_modules\egg-logrotator\app\schedule\clean_log.js
2017-05-27 12:24:27,825 INFO 9160 [egg-schedule]: register schedule egg-schedule:E:\wamp\sumi-server\node_modules\egg-logrotator\app\schedule\rotate_by_file.js
2017-05-27 12:24:27,833 INFO 9160 [egg-mysql] connecting root@192.168.16.254:3306/cq
2017-05-27 12:24:28,012 INFO 9160 [egg-static] starting static serve /public/ -> E:\wamp\sumi-server\app\public
2017-05-27 12:24:28,014 INFO 9160 [egg-security] use methodnoallow middleware
2017-05-27 12:24:28,015 INFO 9160 [egg-security] use noopen middleware
2017-05-27 12:24:28,015 INFO 9160 [egg-security] use nosniff middleware
2017-05-27 12:24:28,015 INFO 9160 [egg-security] use xssProtection middleware
2017-05-27 12:24:28,016 INFO 9160 [egg-security] use xframe middleware
2017-05-27 12:24:28,016 INFO 9160 [egg-security] compose 5 middlewares into one security middleware
2017-05-27 12:24:28,059 INFO 9160 [egg-watcher:app] watcher start success
2017-05-27 12:24:28,073 INFO 9160 [egg-mysql] instance[0] status OK, rds currentTime: Sat May 27 2017 12:15:33 GMT+0800 (中国标准时间)
2017-05-27 12:24:59,213 INFO 9592 [egg:logger] init all loggers with options: {"dir":"E:\\wamp\\sumi-server\\logs\\sumi-server","encoding":"utf8","env":"local","level":"INFO","consoleLevel":"INFO","outputJSON":false,"buffer":true,"appLogName":"sumi-server-web.log","coreLogName":"egg-web.log","agentLogName":"egg-agent.log","errorLogName":"common-error.log","coreLogger":{"consoleLevel":"WARN"},"type":"application"}
2017-05-27 12:24:59,247 INFO 9592 [egg-schedule]: register schedule egg-schedule:E:\wamp\sumi-server\node_modules\egg-logrotator\app\schedule\clean_log.js
2017-05-27 12:24:59,247 INFO 9592 [egg-schedule]: register schedule egg-schedule:E:\wamp\sumi-server\node_modules\egg-logrotator\app\schedule\rotate_by_file.js
2017-05-27 12:24:59,256 INFO 9592 [egg-mysql] connecting root@192.168.16.254:3306/cq
2017-05-27 12:24:59,437 INFO 9592 [egg-static] starting static serve /public/ -> E:\wamp\sumi-server\app\public
2017-05-27 12:24:59,439 INFO 9592 [egg-security] use methodnoallow middleware
2017-05-27 12:24:59,439 INFO 9592 [egg-security] use noopen middleware
2017-05-27 12:24:59,440 INFO 9592 [egg-security] use nosniff middleware
2017-05-27 12:24:59,440 INFO 9592 [egg-security] use xssProtection middleware
2017-05-27 12:24:59,440 INFO 9592 [egg-security] use xframe middleware
2017-05-27 12:24:59,440 INFO 9592 [egg-security] compose 5 middlewares into one security middleware
2017-05-27 12:24:59,489 INFO 9592 [egg-watcher:app] watcher start success
2017-05-27 12:24:59,498 INFO 9592 [egg-mysql] instance[0] status OK, rds currentTime: Sat May 27 2017 12:16:05 GMT+0800 (中国标准时间)
2017-05-27 12:26:01,272 INFO 10224 [egg:logger] init all loggers with options: {"dir":"E:\\wamp\\sumi-server\\logs\\sumi-server","encoding":"utf8","env":"local","level":"INFO","consoleLevel":"INFO","outputJSON":false,"buffer":true,"appLogName":"sumi-server-web.log","coreLogName":"egg-web.log","agentLogName":"egg-agent.log","errorLogName":"common-error.log","coreLogger":{"consoleLevel":"WARN"},"type":"application"}
2017-05-27 12:26:01,303 INFO 10224 [egg-schedule]: register schedule egg-schedule:E:\wamp\sumi-server\node_modules\egg-logrotator\app\schedule\clean_log.js
2017-05-27 12:26:01,303 INFO 10224 [egg-schedule]: register schedule egg-schedule:E:\wamp\sumi-server\node_modules\egg-logrotator\app\schedule\rotate_by_file.js
2017-05-27 12:26:01,310 INFO 10224 [egg-mysql] connecting root@192.168.16.254:3306/cq
2017-05-27 12:26:01,473 INFO 10224 [egg-static] starting static serve /public/ -> E:\wamp\sumi-server\app\public
2017-05-27 12:26:01,475 INFO 10224 [egg-security] use methodnoallow middleware
2017-05-27 12:26:01,476 INFO 10224 [egg-security] use noopen middleware
2017-05-27 12:26:01,476 INFO 10224 [egg-security] use nosniff middleware
2017-05-27 12:26:01,476 INFO 10224 [egg-security] use xssProtection middleware
2017-05-27 12:26:01,477 INFO 10224 [egg-security] use xframe middleware
2017-05-27 12:26:01,477 INFO 10224 [egg-security] compose 5 middlewares into one security middleware
2017-05-27 12:26:01,518 INFO 10224 [egg-watcher:app] watcher start success
2017-05-27 12:26:01,532 INFO 10224 [egg-mysql] instance[0] status OK, rds currentTime: Sat May 27 2017 12:17:07 GMT+0800 (中国标准时间)
2017-05-27 12:26:21,793 INFO 9516 [egg:logger] init all loggers with options: {"dir":"E:\\wamp\\sumi-server\\logs\\sumi-server","encoding":"utf8","env":"local","level":"INFO","consoleLevel":"INFO","outputJSON":false,"buffer":true,"appLogName":"sumi-server-web.log","coreLogName":"egg-web.log","agentLogName":"egg-agent.log","errorLogName":"common-error.log","coreLogger":{"consoleLevel":"WARN"},"type":"application"}
2017-05-27 12:26:21,827 INFO 9516 [egg-schedule]: register schedule egg-schedule:E:\wamp\sumi-server\node_modules\egg-logrotator\app\schedule\clean_log.js
2017-05-27 12:26:21,827 INFO 9516 [egg-schedule]: register schedule egg-schedule:E:\wamp\sumi-server\node_modules\egg-logrotator\app\schedule\rotate_by_file.js
2017-05-27 12:26:21,834 INFO 9516 [egg-mysql] connecting root@192.168.16.254:3306/cq
2017-05-27 12:26:22,014 INFO 9516 [egg-static] starting static serve /public/ -> E:\wamp\sumi-server\app\public
2017-05-27 12:26:22,016 INFO 9516 [egg-security] use methodnoallow middleware
2017-05-27 12:26:22,017 INFO 9516 [egg-security] use noopen middleware
2017-05-27 12:26:22,017 INFO 9516 [egg-security] use nosniff middleware
2017-05-27 12:26:22,017 INFO 9516 [egg-security] use xssProtection middleware
2017-05-27 12:26:22,018 INFO 9516 [egg-security] use xframe middleware
2017-05-27 12:26:22,018 INFO 9516 [egg-security] compose 5 middlewares into one security middleware
2017-05-27 12:26:22,066 INFO 9516 [egg-watcher:app] watcher start success
2017-05-27 12:26:22,081 INFO 9516 [egg-mysql] instance[0] status OK, rds currentTime: Sat May 27 2017 12:17:27 GMT+0800 (中国标准时间)
2017-05-27 12:27:06,653 INFO 9824 [egg:logger] init all loggers with options: {"dir":"E:\\wamp\\sumi-server\\logs\\sumi-server","encoding":"utf8","env":"local","level":"INFO","consoleLevel":"INFO","outputJSON":false,"buffer":true,"appLogName":"sumi-server-web.log","coreLogName":"egg-web.log","agentLogName":"egg-agent.log","errorLogName":"common-error.log","coreLogger":{"consoleLevel":"WARN"},"type":"application"}
2017-05-27 12:27:06,685 INFO 9824 [egg-schedule]: register schedule egg-schedule:E:\wamp\sumi-server\node_modules\egg-logrotator\app\schedule\clean_log.js
2017-05-27 12:27:06,685 INFO 9824 [egg-schedule]: register schedule egg-schedule:E:\wamp\sumi-server\node_modules\egg-logrotator\app\schedule\rotate_by_file.js
2017-05-27 12:27:06,693 INFO 9824 [egg-mysql] connecting root@192.168.16.254:3306/cq
2017-05-27 12:27:06,875 INFO 9824 [egg-static] starting static serve /public/ -> E:\wamp\sumi-server\app\public
2017-05-27 12:27:06,877 INFO 9824 [egg-security] use methodnoallow middleware
2017-05-27 12:27:06,877 INFO 9824 [egg-security] use noopen middleware
2017-05-27 12:27:06,878 INFO 9824 [egg-security] use nosniff middleware
2017-05-27 12:27:06,878 INFO 9824 [egg-security] use xssProtection middleware
2017-05-27 12:27:06,878 INFO 9824 [egg-security] use xframe middleware
2017-05-27 12:27:06,878 INFO 9824 [egg-security] compose 5 middlewares into one security middleware
2017-05-27 12:27:06,924 INFO 9824 [egg-watcher:app] watcher start success
2017-05-27 12:27:06,938 INFO 9824 [egg-mysql] instance[0] status OK, rds currentTime: Sat May 27 2017 12:18:12 GMT+0800 (中国标准时间)
2017-05-27 12:27:08,726 INFO 4200 [egg:logger] init all loggers with options: {"dir":"E:\\wamp\\sumi-server\\logs\\sumi-server","encoding":"utf8","env":"local","level":"INFO","consoleLevel":"INFO","outputJSON":false,"buffer":true,"appLogName":"sumi-server-web.log","coreLogName":"egg-web.log","agentLogName":"egg-agent.log","errorLogName":"common-error.log","coreLogger":{"consoleLevel":"WARN"},"type":"application"}
2017-05-27 12:27:08,760 INFO 4200 [egg-schedule]: register schedule egg-schedule:E:\wamp\sumi-server\node_modules\egg-logrotator\app\schedule\clean_log.js
2017-05-27 12:27:08,761 INFO 4200 [egg-schedule]: register schedule egg-schedule:E:\wamp\sumi-server\node_modules\egg-logrotator\app\schedule\rotate_by_file.js
2017-05-27 12:27:08,769 INFO 4200 [egg-mysql] connecting root@192.168.16.254:3306/cq
2017-05-27 12:27:08,942 INFO 4200 [egg-static] starting static serve /public/ -> E:\wamp\sumi-server\app\public
2017-05-27 12:27:08,944 INFO 4200 [egg-security] use methodnoallow middleware
2017-05-27 12:27:08,944 INFO 4200 [egg-security] use noopen middleware
2017-05-27 12:27:08,945 INFO 4200 [egg-security] use nosniff middleware
2017-05-27 12:27:08,945 INFO 4200 [egg-security] use xssProtection middleware
2017-05-27 12:27:08,945 INFO 4200 [egg-security] use xframe middleware
2017-05-27 12:27:08,945 INFO 4200 [egg-security] compose 5 middlewares into one security middleware
2017-05-27 12:27:08,991 INFO 4200 [egg-watcher:app] watcher start success
2017-05-27 12:27:09,008 INFO 4200 [egg-mysql] instance[0] status OK, rds currentTime: Sat May 27 2017 12:18:14 GMT+0800 (中国标准时间)
2017-05-27 12:27:58,394 INFO 8288 [egg:logger] init all loggers with options: {"dir":"E:\\wamp\\sumi-server\\logs\\sumi-server","encoding":"utf8","env":"local","level":"INFO","consoleLevel":"INFO","outputJSON":false,"buffer":true,"appLogName":"sumi-server-web.log","coreLogName":"egg-web.log","agentLogName":"egg-agent.log","errorLogName":"common-error.log","coreLogger":{"consoleLevel":"WARN"},"type":"application"}
2017-05-27 12:27:58,431 INFO 8288 [egg-schedule]: register schedule egg-schedule:E:\wamp\sumi-server\node_modules\egg-logrotator\app\schedule\clean_log.js
2017-05-27 12:27:58,431 INFO 8288 [egg-schedule]: register schedule egg-schedule:E:\wamp\sumi-server\node_modules\egg-logrotator\app\schedule\rotate_by_file.js
2017-05-27 12:27:58,441 INFO 8288 [egg-mysql] connecting root@192.168.16.254:3306/cq
2017-05-27 12:27:58,631 INFO 8288 [egg-static] starting static serve /public/ -> E:\wamp\sumi-server\app\public
2017-05-27 12:27:58,633 INFO 8288 [egg-security] use methodnoallow middleware
2017-05-27 12:27:58,634 INFO 8288 [egg-security] use noopen middleware
2017-05-27 12:27:58,634 INFO 8288 [egg-security] use nosniff middleware
2017-05-27 12:27:58,634 INFO 8288 [egg-security] use xssProtection middleware
2017-05-27 12:27:58,635 INFO 8288 [egg-security] use xframe middleware
2017-05-27 12:27:58,635 INFO 8288 [egg-security] compose 5 middlewares into one security middleware
2017-05-27 12:27:58,684 INFO 8288 [egg-watcher:app] watcher start success
2017-05-27 12:27:58,695 INFO 8288 [egg-mysql] instance[0] status OK, rds currentTime: Sat May 27 2017 12:19:04 GMT+0800 (中国标准时间)
2017-05-27 12:28:13,182 INFO 9452 [egg:logger] init all loggers with options: {"dir":"E:\\wamp\\sumi-server\\logs\\sumi-server","encoding":"utf8","env":"local","level":"INFO","consoleLevel":"INFO","outputJSON":false,"buffer":true,"appLogName":"sumi-server-web.log","coreLogName":"egg-web.log","agentLogName":"egg-agent.log","errorLogName":"common-error.log","coreLogger":{"consoleLevel":"WARN"},"type":"application"}
2017-05-27 12:28:13,215 INFO 9452 [egg-schedule]: register schedule egg-schedule:E:\wamp\sumi-server\node_modules\egg-logrotator\app\schedule\clean_log.js
2017-05-27 12:28:13,215 INFO 9452 [egg-schedule]: register schedule egg-schedule:E:\wamp\sumi-server\node_modules\egg-logrotator\app\schedule\rotate_by_file.js
2017-05-27 12:28:13,223 INFO 9452 [egg-mysql] connecting root@192.168.16.254:3306/cq
2017-05-27 12:28:13,401 INFO 9452 [egg-static] starting static serve /public/ -> E:\wamp\sumi-server\app\public
2017-05-27 12:28:13,403 INFO 9452 [egg-security] use methodnoallow middleware
2017-05-27 12:28:13,404 INFO 9452 [egg-security] use noopen middleware
2017-05-27 12:28:13,404 INFO 9452 [egg-security] use nosniff middleware
2017-05-27 12:28:13,405 INFO 9452 [egg-security] use xssProtection middleware
2017-05-27 12:28:13,406 INFO 9452 [egg-security] use xframe middleware
2017-05-27 12:28:13,406 INFO 9452 [egg-security] compose 5 middlewares into one security middleware
2017-05-27 12:28:13,452 INFO 9452 [egg-watcher:app] watcher start success
2017-05-27 12:28:13,463 INFO 9452 [egg-mysql] instance[0] status OK, rds currentTime: Sat May 27 2017 12:19:19 GMT+0800 (中国标准时间)
2017-05-27 12:28:57,044 INFO 9444 [egg:logger] init all loggers with options: {"dir":"E:\\wamp\\sumi-server\\logs\\sumi-server","encoding":"utf8","env":"local","level":"INFO","consoleLevel":"INFO","outputJSON":false,"buffer":true,"appLogName":"sumi-server-web.log","coreLogName":"egg-web.log","agentLogName":"egg-agent.log","errorLogName":"common-error.log","coreLogger":{"consoleLevel":"WARN"},"type":"application"}
2017-05-27 12:28:57,078 INFO 9444 [egg-schedule]: register schedule egg-schedule:E:\wamp\sumi-server\node_modules\egg-logrotator\app\schedule\clean_log.js
2017-05-27 12:28:57,078 INFO 9444 [egg-schedule]: register schedule egg-schedule:E:\wamp\sumi-server\node_modules\egg-logrotator\app\schedule\rotate_by_file.js
2017-05-27 12:28:57,086 INFO 9444 [egg-mysql] connecting root@192.168.16.254:3306/cq
2017-05-27 12:28:57,293 INFO 9444 [egg-static] starting static serve /public/ -> E:\wamp\sumi-server\app\public
2017-05-27 12:28:57,295 INFO 9444 [egg-security] use methodnoallow middleware
2017-05-27 12:28:57,296 INFO 9444 [egg-security] use noopen middleware
2017-05-27 12:28:57,296 INFO 9444 [egg-security] use nosniff middleware
2017-05-27 12:28:57,296 INFO 9444 [egg-security] use xssProtection middleware
2017-05-27 12:28:57,297 INFO 9444 [egg-security] use xframe middleware
2017-05-27 12:28:57,297 INFO 9444 [egg-security] compose 5 middlewares into one security middleware
2017-05-27 12:28:57,351 INFO 9444 [egg-watcher:app] watcher start success
2017-05-27 12:28:57,358 INFO 9444 [egg-mysql] instance[0] status OK, rds currentTime: Sat May 27 2017 12:20:03 GMT+0800 (中国标准时间)
2017-05-27 12:29:32,528 INFO 10124 [egg:logger] init all loggers with options: {"dir":"E:\\wamp\\sumi-server\\logs\\sumi-server","encoding":"utf8","env":"local","level":"INFO","consoleLevel":"INFO","outputJSON":false,"buffer":true,"appLogName":"sumi-server-web.log","coreLogName":"egg-web.log","agentLogName":"egg-agent.log","errorLogName":"common-error.log","coreLogger":{"consoleLevel":"WARN"},"type":"application"}
2017-05-27 12:29:32,567 INFO 10124 [egg-schedule]: register schedule egg-schedule:E:\wamp\sumi-server\node_modules\egg-logrotator\app\schedule\clean_log.js
2017-05-27 12:29:32,567 INFO 10124 [egg-schedule]: register schedule egg-schedule:E:\wamp\sumi-server\node_modules\egg-logrotator\app\schedule\rotate_by_file.js
2017-05-27 12:29:32,576 INFO 10124 [egg-mysql] connecting root@192.168.16.254:3306/cq
2017-05-27 12:29:32,757 INFO 10124 [egg-static] starting static serve /public/ -> E:\wamp\sumi-server\app\public
2017-05-27 12:29:32,759 INFO 10124 [egg-security] use methodnoallow middleware
2017-05-27 12:29:32,759 INFO 10124 [egg-security] use noopen middleware
2017-05-27 12:29:32,759 INFO 10124 [egg-security] use nosniff middleware
2017-05-27 12:29:32,760 INFO 10124 [egg-security] use xssProtection middleware
2017-05-27 12:29:32,760 INFO 10124 [egg-security] use xframe middleware
2017-05-27 12:29:32,760 INFO 10124 [egg-security] compose 5 middlewares into one security middleware
2017-05-27 12:29:32,807 INFO 10124 [egg-watcher:app] watcher start success
2017-05-27 12:29:32,813 INFO 10124 [egg-mysql] instance[0] status OK, rds currentTime: Sat May 27 2017 12:20:38 GMT+0800 (中国标准时间)
2017-05-27 12:29:51,175 INFO 8288 [egg:logger] init all loggers with options: {"dir":"E:\\wamp\\sumi-server\\logs\\sumi-server","encoding":"utf8","env":"local","level":"INFO","consoleLevel":"INFO","outputJSON":false,"buffer":true,"appLogName":"sumi-server-web.log","coreLogName":"egg-web.log","agentLogName":"egg-agent.log","errorLogName":"common-error.log","coreLogger":{"consoleLevel":"WARN"},"type":"application"}
2017-05-27 12:29:51,210 INFO 8288 [egg-schedule]: register schedule egg-schedule:E:\wamp\sumi-server\node_modules\egg-logrotator\app\schedule\clean_log.js
2017-05-27 12:29:51,210 INFO 8288 [egg-schedule]: register schedule egg-schedule:E:\wamp\sumi-server\node_modules\egg-logrotator\app\schedule\rotate_by_file.js
2017-05-27 12:29:51,218 INFO 8288 [egg-mysql] connecting root@192.168.16.254:3306/cq
2017-05-27 12:29:51,407 INFO 8288 [egg-static] starting static serve /public/ -> E:\wamp\sumi-server\app\public
2017-05-27 12:29:51,410 INFO 8288 [egg-security] use methodnoallow middleware
2017-05-27 12:29:51,410 INFO 8288 [egg-security] use noopen middleware
2017-05-27 12:29:51,410 INFO 8288 [egg-security] use nosniff middleware
2017-05-27 12:29:51,411 INFO 8288 [egg-security] use xssProtection middleware
2017-05-27 12:29:51,411 INFO 8288 [egg-security] use xframe middleware
2017-05-27 12:29:51,411 INFO 8288 [egg-security] compose 5 middlewares into one security middleware
2017-05-27 12:29:51,457 INFO 8288 [egg-watcher:app] watcher start success
2017-05-27 12:29:51,466 INFO 8288 [egg-mysql] instance[0] status OK, rds currentTime: Sat May 27 2017 12:20:57 GMT+0800 (中国标准时间)
2017-05-27 12:30:26,130 INFO 9916 [egg:logger] init all loggers with options: {"dir":"E:\\wamp\\sumi-server\\logs\\sumi-server","encoding":"utf8","env":"local","level":"INFO","consoleLevel":"INFO","outputJSON":false,"buffer":true,"appLogName":"sumi-server-web.log","coreLogName":"egg-web.log","agentLogName":"egg-agent.log","errorLogName":"common-error.log","coreLogger":{"consoleLevel":"WARN"},"type":"application"}
2017-05-27 12:30:26,163 INFO 9916 [egg-schedule]: register schedule egg-schedule:E:\wamp\sumi-server\node_modules\egg-logrotator\app\schedule\clean_log.js
2017-05-27 12:30:26,163 INFO 9916 [egg-schedule]: register schedule egg-schedule:E:\wamp\sumi-server\node_modules\egg-logrotator\app\schedule\rotate_by_file.js
2017-05-27 12:30:26,170 INFO 9916 [egg-mysql] connecting root@192.168.16.254:3306/cq
2017-05-27 12:30:26,349 INFO 9916 [egg-static] starting static serve /public/ -> E:\wamp\sumi-server\app\public
2017-05-27 12:30:26,351 INFO 9916 [egg-security] use methodnoallow middleware
2017-05-27 12:30:26,352 INFO 9916 [egg-security] use noopen middleware
2017-05-27 12:30:26,352 INFO 9916 [egg-security] use nosniff middleware
2017-05-27 12:30:26,352 INFO 9916 [egg-security] use xssProtection middleware
2017-05-27 12:30:26,352 INFO 9916 [egg-security] use xframe middleware
2017-05-27 12:30:26,352 INFO 9916 [egg-security] compose 5 middlewares into one security middleware
2017-05-27 12:30:26,394 INFO 9916 [egg-watcher:app] watcher start success
2017-05-27 12:30:26,405 INFO 9916 [egg-mysql] instance[0] status OK, rds currentTime: Sat May 27 2017 12:21:32 GMT+0800 (中国标准时间)
2017-05-27 12:35:42,008 INFO 10232 [egg:logger] init all loggers with options: {"dir":"E:\\wamp\\sumi-server\\logs\\sumi-server","encoding":"utf8","env":"local","level":"INFO","consoleLevel":"INFO","outputJSON":false,"buffer":true,"appLogName":"sumi-server-web.log","coreLogName":"egg-web.log","agentLogName":"egg-agent.log","errorLogName":"common-error.log","coreLogger":{"consoleLevel":"WARN"},"type":"application"}
2017-05-27 12:35:42,040 INFO 10232 [egg-schedule]: register schedule egg-schedule:E:\wamp\sumi-server\node_modules\egg-logrotator\app\schedule\clean_log.js
2017-05-27 12:35:42,040 INFO 10232 [egg-schedule]: register schedule egg-schedule:E:\wamp\sumi-server\node_modules\egg-logrotator\app\schedule\rotate_by_file.js
2017-05-27 12:35:42,047 INFO 10232 [egg-mysql] connecting root@192.168.16.254:3306/cq
2017-05-27 12:35:42,234 INFO 10232 [egg-static] starting static serve /public/ -> E:\wamp\sumi-server\app\public
2017-05-27 12:35:42,236 INFO 10232 [egg-security] use methodnoallow middleware
2017-05-27 12:35:42,236 INFO 10232 [egg-security] use noopen middleware
2017-05-27 12:35:42,236 INFO 10232 [egg-security] use nosniff middleware
2017-05-27 12:35:42,237 INFO 10232 [egg-security] use xssProtection middleware
2017-05-27 12:35:42,237 INFO 10232 [egg-security] use xframe middleware
2017-05-27 12:35:42,237 INFO 10232 [egg-security] compose 5 middlewares into one security middleware
2017-05-27 12:35:42,281 INFO 10232 [egg-watcher:app] watcher start success
2017-05-27 12:35:42,295 INFO 10232 [egg-mysql] instance[0] status OK, rds currentTime: Sat May 27 2017 12:26:47 GMT+0800 (中国标准时间)
2017-05-27 12:37:10,275 INFO 10088 [egg:logger] init all loggers with options: {"dir":"E:\\wamp\\sumi-server\\logs\\sumi-server","encoding":"utf8","env":"local","level":"INFO","consoleLevel":"INFO","outputJSON":false,"buffer":true,"appLogName":"sumi-server-web.log","coreLogName":"egg-web.log","agentLogName":"egg-agent.log","errorLogName":"common-error.log","coreLogger":{"consoleLevel":"WARN"},"type":"application"}
2017-05-27 12:37:10,310 INFO 10088 [egg-schedule]: register schedule egg-schedule:E:\wamp\sumi-server\node_modules\egg-logrotator\app\schedule\clean_log.js
2017-05-27 12:37:10,310 INFO 10088 [egg-schedule]: register schedule egg-schedule:E:\wamp\sumi-server\node_modules\egg-logrotator\app\schedule\rotate_by_file.js
2017-05-27 12:37:10,317 INFO 10088 [egg-mysql] connecting root@192.168.16.254:3306/cq
2017-05-27 12:37:10,499 INFO 10088 [egg-static] starting static serve /public/ -> E:\wamp\sumi-server\app\public
2017-05-27 12:37:10,501 INFO 10088 [egg-security] use methodnoallow middleware
2017-05-27 12:37:10,502 INFO 10088 [egg-security] use noopen middleware
2017-05-27 12:37:10,502 INFO 10088 [egg-security] use nosniff middleware
2017-05-27 12:37:10,502 INFO 10088 [egg-security] use xssProtection middleware
2017-05-27 12:37:10,503 INFO 10088 [egg-security] use xframe middleware
2017-05-27 12:37:10,503 INFO 10088 [egg-security] compose 5 middlewares into one security middleware
2017-05-27 12:37:10,545 INFO 10088 [egg-watcher:app] watcher start success
2017-05-27 12:37:10,554 INFO 10088 [egg-mysql] instance[0] status OK, rds currentTime: Sat May 27 2017 12:28:16 GMT+0800 (中国标准时间)
2017-05-27 12:38:15,636 INFO 9752 [egg:logger] init all loggers with options: {"dir":"E:\\wamp\\sumi-server\\logs\\sumi-server","encoding":"utf8","env":"local","level":"INFO","consoleLevel":"INFO","outputJSON":false,"buffer":true,"appLogName":"sumi-server-web.log","coreLogName":"egg-web.log","agentLogName":"egg-agent.log","errorLogName":"common-error.log","coreLogger":{"consoleLevel":"WARN"},"type":"application"}
2017-05-27 12:38:15,667 INFO 9752 [egg-schedule]: register schedule egg-schedule:E:\wamp\sumi-server\node_modules\egg-logrotator\app\schedule\clean_log.js
2017-05-27 12:38:15,667 INFO 9752 [egg-schedule]: register schedule egg-schedule:E:\wamp\sumi-server\node_modules\egg-logrotator\app\schedule\rotate_by_file.js
2017-05-27 12:38:15,675 INFO 9752 [egg-mysql] connecting root@192.168.16.254:3306/cq
2017-05-27 12:38:15,845 INFO 9752 [egg-static] starting static serve /public/ -> E:\wamp\sumi-server\app\public
2017-05-27 12:38:15,846 INFO 9752 [egg-security] use methodnoallow middleware
2017-05-27 12:38:15,847 INFO 9752 [egg-security] use noopen middleware
2017-05-27 12:38:15,847 INFO 9752 [egg-security] use nosniff middleware
2017-05-27 12:38:15,847 INFO 9752 [egg-security] use xssProtection middleware
2017-05-27 12:38:15,848 INFO 9752 [egg-security] use xframe middleware
2017-05-27 12:38:15,848 INFO 9752 [egg-security] compose 5 middlewares into one security middleware
2017-05-27 12:38:15,890 INFO 9752 [egg-watcher:app] watcher start success
2017-05-27 12:38:15,899 INFO 9752 [egg-mysql] instance[0] status OK, rds currentTime: Sat May 27 2017 12:29:21 GMT+0800 (中国标准时间)
2017-05-27 12:39:31,012 INFO 9880 [egg:logger] init all loggers with options: {"dir":"E:\\wamp\\sumi-server\\logs\\sumi-server","encoding":"utf8","env":"local","level":"INFO","consoleLevel":"INFO","outputJSON":false,"buffer":true,"appLogName":"sumi-server-web.log","coreLogName":"egg-web.log","agentLogName":"egg-agent.log","errorLogName":"common-error.log","coreLogger":{"consoleLevel":"WARN"},"type":"application"}
2017-05-27 12:39:31,044 INFO 9880 [egg-schedule]: register schedule egg-schedule:E:\wamp\sumi-server\node_modules\egg-logrotator\app\schedule\clean_log.js
2017-05-27 12:39:31,044 INFO 9880 [egg-schedule]: register schedule egg-schedule:E:\wamp\sumi-server\node_modules\egg-logrotator\app\schedule\rotate_by_file.js
2017-05-27 12:39:31,051 INFO 9880 [egg-mysql] connecting root@192.168.16.254:3306/cq
2017-05-27 12:39:31,242 INFO 9880 [egg-static] starting static serve /public/ -> E:\wamp\sumi-server\app\public
2017-05-27 12:39:31,244 INFO 9880 [egg-security] use methodnoallow middleware
2017-05-27 12:39:31,244 INFO 9880 [egg-security] use noopen middleware
2017-05-27 12:39:31,245 INFO 9880 [egg-security] use nosniff middleware
2017-05-27 12:39:31,245 INFO 9880 [egg-security] use xssProtection middleware
2017-05-27 12:39:31,245 INFO 9880 [egg-security] use xframe middleware
2017-05-27 12:39:31,245 INFO 9880 [egg-security] compose 5 middlewares into one security middleware
2017-05-27 12:39:31,289 INFO 9880 [egg-watcher:app] watcher start success
2017-05-27 12:39:31,298 INFO 9880 [egg-mysql] instance[0] status OK, rds currentTime: Sat May 27 2017 12:30:36 GMT+0800 (中国标准时间)
2017-05-27 12:47:29,673 INFO 10076 [egg:logger] init all loggers with options: {"dir":"E:\\wamp\\sumi-server\\logs\\sumi-server","encoding":"utf8","env":"local","level":"INFO","consoleLevel":"INFO","outputJSON":false,"buffer":true,"appLogName":"sumi-server-web.log","coreLogName":"egg-web.log","agentLogName":"egg-agent.log","errorLogName":"common-error.log","coreLogger":{"consoleLevel":"WARN"},"type":"application"}
2017-05-27 12:47:29,705 INFO 10076 [egg-schedule]: register schedule egg-schedule:E:\wamp\sumi-server\node_modules\egg-logrotator\app\schedule\clean_log.js
2017-05-27 12:47:29,706 INFO 10076 [egg-schedule]: register schedule egg-schedule:E:\wamp\sumi-server\node_modules\egg-logrotator\app\schedule\rotate_by_file.js
2017-05-27 12:47:29,713 INFO 10076 [egg-mysql] connecting root@192.168.16.254:3306/cq
2017-05-27 12:47:29,897 INFO 10076 [egg-static] starting static serve /public/ -> E:\wamp\sumi-server\app\public
2017-05-27 12:47:29,899 INFO 10076 [egg-security] use methodnoallow middleware
2017-05-27 12:47:29,899 INFO 10076 [egg-security] use noopen middleware
2017-05-27 12:47:29,900 INFO 10076 [egg-security] use nosniff middleware
2017-05-27 12:47:29,900 INFO 10076 [egg-security] use xssProtection middleware
2017-05-27 12:47:29,900 INFO 10076 [egg-security] use xframe middleware
2017-05-27 12:47:29,900 INFO 10076 [egg-security] compose 5 middlewares into one security middleware
2017-05-27 12:47:29,945 INFO 10076 [egg-watcher:app] watcher start success
2017-05-27 12:47:29,958 INFO 10076 [egg-mysql] instance[0] status OK, rds currentTime: Sat May 27 2017 12:38:35 GMT+0800 (中国标准时间)
2017-05-27 12:47:53,696 INFO 9960 [egg:logger] init all loggers with options: {"dir":"E:\\wamp\\sumi-server\\logs\\sumi-server","encoding":"utf8","env":"local","level":"INFO","consoleLevel":"INFO","outputJSON":false,"buffer":true,"appLogName":"sumi-server-web.log","coreLogName":"egg-web.log","agentLogName":"egg-agent.log","errorLogName":"common-error.log","coreLogger":{"consoleLevel":"WARN"},"type":"application"}
2017-05-27 12:47:53,729 INFO 9960 [egg-schedule]: register schedule egg-schedule:E:\wamp\sumi-server\node_modules\egg-logrotator\app\schedule\clean_log.js
2017-05-27 12:47:53,729 INFO 9960 [egg-schedule]: register schedule egg-schedule:E:\wamp\sumi-server\node_modules\egg-logrotator\app\schedule\rotate_by_file.js
2017-05-27 12:47:53,736 INFO 9960 [egg-mysql] connecting root@192.168.16.254:3306/cq
2017-05-27 12:47:53,916 INFO 9960 [egg-static] starting static serve /public/ -> E:\wamp\sumi-server\app\public
2017-05-27 12:47:53,918 INFO 9960 [egg-security] use methodnoallow middleware
2017-05-27 12:47:53,918 INFO 9960 [egg-security] use noopen middleware
2017-05-27 12:47:53,919 INFO 9960 [egg-security] use nosniff middleware
2017-05-27 12:47:53,919 INFO 9960 [egg-security] use xssProtection middleware
2017-05-27 12:47:53,919 INFO 9960 [egg-security] use xframe middleware
2017-05-27 12:47:53,919 INFO 9960 [egg-security] compose 5 middlewares into one security middleware
2017-05-27 12:47:53,966 INFO 9960 [egg-watcher:app] watcher start success
2017-05-27 12:47:53,980 INFO 9960 [egg-mysql] instance[0] status OK, rds currentTime: Sat May 27 2017 12:38:59 GMT+0800 (中国标准时间)
2017-05-27 12:48:17,705 INFO 8924 [egg:logger] init all loggers with options: {"dir":"E:\\wamp\\sumi-server\\logs\\sumi-server","encoding":"utf8","env":"local","level":"INFO","consoleLevel":"INFO","outputJSON":false,"buffer":true,"appLogName":"sumi-server-web.log","coreLogName":"egg-web.log","agentLogName":"egg-agent.log","errorLogName":"common-error.log","coreLogger":{"consoleLevel":"WARN"},"type":"application"}
2017-05-27 12:48:17,738 INFO 8924 [egg-schedule]: register schedule egg-schedule:E:\wamp\sumi-server\node_modules\egg-logrotator\app\schedule\clean_log.js
2017-05-27 12:48:17,738 INFO 8924 [egg-schedule]: register schedule egg-schedule:E:\wamp\sumi-server\node_modules\egg-logrotator\app\schedule\rotate_by_file.js
2017-05-27 12:48:17,746 INFO 8924 [egg-mysql] connecting root@192.168.16.254:3306/cq
2017-05-27 12:48:17,928 INFO 8924 [egg-static] starting static serve /public/ -> E:\wamp\sumi-server\app\public
2017-05-27 12:48:17,930 INFO 8924 [egg-security] use methodnoallow middleware
2017-05-27 12:48:17,931 INFO 8924 [egg-security] use noopen middleware
2017-05-27 12:48:17,931 INFO 8924 [egg-security] use nosniff middleware
2017-05-27 12:48:17,932 INFO 8924 [egg-security] use xssProtection middleware
2017-05-27 12:48:17,932 INFO 8924 [egg-security] use xframe middleware
2017-05-27 12:48:17,932 INFO 8924 [egg-security] compose 5 middlewares into one security middleware
2017-05-27 12:48:17,979 INFO 8924 [egg-watcher:app] watcher start success
2017-05-27 12:48:17,989 INFO 8924 [egg-mysql] instance[0] status OK, rds currentTime: Sat May 27 2017 12:39:23 GMT+0800 (中国标准时间)
2017-05-27 14:27:26,230 INFO 10788 [egg:logger] init all loggers with options: {"dir":"E:\\wamp\\sumi-server\\logs\\sumi-server","encoding":"utf8","env":"local","level":"INFO","consoleLevel":"INFO","outputJSON":false,"buffer":true,"appLogName":"sumi-server-web.log","coreLogName":"egg-web.log","agentLogName":"egg-agent.log","errorLogName":"common-error.log","coreLogger":{"consoleLevel":"WARN"},"type":"application"}
2017-05-27 14:27:26,261 INFO 10788 [egg-schedule]: register schedule egg-schedule:E:\wamp\sumi-server\node_modules\egg-logrotator\app\schedule\clean_log.js
2017-05-27 14:27:26,261 INFO 10788 [egg-schedule]: register schedule egg-schedule:E:\wamp\sumi-server\node_modules\egg-logrotator\app\schedule\rotate_by_file.js
2017-05-27 14:27:26,268 INFO 10788 [egg-mysql] connecting root@192.168.16.254:3306/cq
2017-05-27 14:27:26,433 INFO 10788 [egg-static] starting static serve /public/ -> E:\wamp\sumi-server\app\public
2017-05-27 14:27:26,434 INFO 10788 [egg-security] use methodnoallow middleware
2017-05-27 14:27:26,435 INFO 10788 [egg-security] use noopen middleware
2017-05-27 14:27:26,436 INFO 10788 [egg-security] use nosniff middleware
2017-05-27 14:27:26,436 INFO 10788 [egg-security] use xssProtection middleware
2017-05-27 14:27:26,436 INFO 10788 [egg-security] use xframe middleware
2017-05-27 14:27:26,436 INFO 10788 [egg-security] compose 5 middlewares into one security middleware
2017-05-27 14:27:26,478 INFO 10788 [egg-watcher:app] watcher start success
2017-05-27 14:27:26,487 INFO 10788 [egg-mysql] instance[0] status OK, rds currentTime: Sat May 27 2017 14:18:32 GMT+0800 (中国标准时间)
2017-05-27 14:27:31,315 INFO 10788 [egg-view-xtpl] loading templates from ["E:\\wamp\\sumi-server\\app\\view"]
2017-05-27 14:50:18,728 INFO 9728 [egg:logger] init all loggers with options: {"dir":"E:\\wamp\\sumi-server\\logs\\sumi-server","encoding":"utf8","env":"local","level":"INFO","consoleLevel":"INFO","outputJSON":false,"buffer":true,"appLogName":"sumi-server-web.log","coreLogName":"egg-web.log","agentLogName":"egg-agent.log","errorLogName":"common-error.log","coreLogger":{"consoleLevel":"WARN"},"type":"application"}
2017-05-27 14:50:18,760 INFO 9728 [egg-schedule]: register schedule egg-schedule:E:\wamp\sumi-server\node_modules\egg-logrotator\app\schedule\clean_log.js
2017-05-27 14:50:18,760 INFO 9728 [egg-schedule]: register schedule egg-schedule:E:\wamp\sumi-server\node_modules\egg-logrotator\app\schedule\rotate_by_file.js
2017-05-27 14:50:18,767 INFO 9728 [egg-mysql] connecting root@192.168.16.254:3306/cq
2017-05-27 14:50:18,933 INFO 9728 [egg-static] starting static serve /public/ -> E:\wamp\sumi-server\app\public
2017-05-27 14:50:18,935 INFO 9728 [egg-security] use methodnoallow middleware
2017-05-27 14:50:18,936 INFO 9728 [egg-security] use noopen middleware
2017-05-27 14:50:18,936 INFO 9728 [egg-security] use nosniff middleware
2017-05-27 14:50:18,937 INFO 9728 [egg-security] use xssProtection middleware
2017-05-27 14:50:18,937 INFO 9728 [egg-security] use xframe middleware
2017-05-27 14:50:18,937 INFO 9728 [egg-security] compose 5 middlewares into one security middleware
2017-05-27 14:50:18,979 INFO 9728 [egg-watcher:app] watcher start success
2017-05-27 14:50:18,993 INFO 9728 [egg-mysql] instance[0] status OK, rds currentTime: Sat May 27 2017 14:41:24 GMT+0800 (中国标准时间)
2017-05-27 14:50:23,081 INFO 10120 [egg:logger] init all loggers with options: {"dir":"E:\\wamp\\sumi-server\\logs\\sumi-server","encoding":"utf8","env":"local","level":"INFO","consoleLevel":"INFO","outputJSON":false,"buffer":true,"appLogName":"sumi-server-web.log","coreLogName":"egg-web.log","agentLogName":"egg-agent.log","errorLogName":"common-error.log","coreLogger":{"consoleLevel":"WARN"},"type":"application"}
2017-05-27 14:50:23,111 INFO 10120 [egg-schedule]: register schedule egg-schedule:E:\wamp\sumi-server\node_modules\egg-logrotator\app\schedule\clean_log.js
2017-05-27 14:50:23,111 INFO 10120 [egg-schedule]: register schedule egg-schedule:E:\wamp\sumi-server\node_modules\egg-logrotator\app\schedule\rotate_by_file.js
2017-05-27 14:50:23,118 INFO 10120 [egg-mysql] connecting root@192.168.16.254:3306/cq
2017-05-27 14:50:23,293 INFO 10120 [egg-static] starting static serve /public/ -> E:\wamp\sumi-server\app\public
2017-05-27 14:50:23,295 INFO 10120 [egg-security] use methodnoallow middleware
2017-05-27 14:50:23,296 INFO 10120 [egg-security] use noopen middleware
2017-05-27 14:50:23,296 INFO 10120 [egg-security] use nosniff middleware
2017-05-27 14:50:23,297 INFO 10120 [egg-security] use xssProtection middleware
2017-05-27 14:50:23,298 INFO 10120 [egg-security] use xframe middleware
2017-05-27 14:50:23,298 INFO 10120 [egg-security] compose 5 middlewares into one security middleware
2017-05-27 14:50:23,348 INFO 10120 [egg-watcher:app] watcher start success
2017-05-27 14:50:23,365 INFO 10120 [egg-mysql] instance[0] status OK, rds currentTime: Sat May 27 2017 14:41:28 GMT+0800 (中国标准时间)
2017-05-27 14:50:27,115 INFO 9308 [egg:logger] init all loggers with options: {"dir":"E:\\wamp\\sumi-server\\logs\\sumi-server","encoding":"utf8","env":"local","level":"INFO","consoleLevel":"INFO","outputJSON":false,"buffer":true,"appLogName":"sumi-server-web.log","coreLogName":"egg-web.log","agentLogName":"egg-agent.log","errorLogName":"common-error.log","coreLogger":{"consoleLevel":"WARN"},"type":"application"}
2017-05-27 14:50:27,147 INFO 9308 [egg-schedule]: register schedule egg-schedule:E:\wamp\sumi-server\node_modules\egg-logrotator\app\schedule\clean_log.js
2017-05-27 14:50:27,147 INFO 9308 [egg-schedule]: register schedule egg-schedule:E:\wamp\sumi-server\node_modules\egg-logrotator\app\schedule\rotate_by_file.js
2017-05-27 14:50:27,155 INFO 9308 [egg-mysql] connecting root@192.168.16.254:3306/cq
2017-05-27 14:50:27,316 INFO 9308 [egg-static] starting static serve /public/ -> E:\wamp\sumi-server\app\public
2017-05-27 14:50:27,318 INFO 9308 [egg-security] use methodnoallow middleware
2017-05-27 14:50:27,319 INFO 9308 [egg-security] use noopen middleware
2017-05-27 14:50:27,319 INFO 9308 [egg-security] use nosniff middleware
2017-05-27 14:50:27,319 INFO 9308 [egg-security] use xssProtection middleware
2017-05-27 14:50:27,320 INFO 9308 [egg-security] use xframe middleware
2017-05-27 14:50:27,320 INFO 9308 [egg-security] compose 5 middlewares into one security middleware
2017-05-27 14:50:27,362 INFO 9308 [egg-watcher:app] watcher start success
2017-05-27 14:50:27,377 INFO 9308 [egg-mysql] instance[0] status OK, rds currentTime: Sat May 27 2017 14:41:32 GMT+0800 (中国标准时间)
