2017-05-27 11:37:42,939 WARN 11500 [-/127.0.0.1/-/1ms OPTIONS /api/forum/list] nodejs.MethodNotAllowedError: Method Not Allowed
    at Object.throw (D:\cq-server\sumi-server\node_modules\koa\lib\context.js:89:23)
    at Object.notAllow (D:\cq-server\sumi-server\node_modules\egg-security\lib\middlewares\methodnoallow.js:18:17)
    at notAllow.next (<anonymous>)
    at Object.<anonymous> (D:\cq-server\sumi-server\node_modules\koa-compose\index.js:28:19)
    at Generator.next (<anonymous>)
    at onFulfilled (D:\cq-server\sumi-server\node_modules\co\index.js:65:19)
    at D:\cq-server\sumi-server\node_modules\co\index.js:54:5
    at Object.co (D:\cq-server\sumi-server\node_modules\co\index.js:50:10)
    at Object.toPromise (D:\cq-server\sumi-server\node_modules\co\index.js:118:63)
    at next (D:\cq-server\sumi-server\node_modules\co\index.js:99:29)
message: 'Method Not Allowed'
pid: 11500
hostname: PW5EMWJM7ZBMK3A

2017-05-27 11:37:58,169 WARN 11500 [-/127.0.0.1/-/0ms OPTIONS /api/forum/list] nodejs.MethodNotAllowedError: Method Not Allowed
    at Object.throw (D:\cq-server\sumi-server\node_modules\koa\lib\context.js:89:23)
    at Object.notAllow (D:\cq-server\sumi-server\node_modules\egg-security\lib\middlewares\methodnoallow.js:18:17)
    at notAllow.next (<anonymous>)
    at Object.<anonymous> (D:\cq-server\sumi-server\node_modules\koa-compose\index.js:28:19)
    at Generator.next (<anonymous>)
    at onFulfilled (D:\cq-server\sumi-server\node_modules\co\index.js:65:19)
    at D:\cq-server\sumi-server\node_modules\co\index.js:54:5
    at Object.co (D:\cq-server\sumi-server\node_modules\co\index.js:50:10)
    at Object.toPromise (D:\cq-server\sumi-server\node_modules\co\index.js:118:63)
    at next (D:\cq-server\sumi-server\node_modules\co\index.js:99:29)
message: 'Method Not Allowed'
pid: 11500
hostname: PW5EMWJM7ZBMK3A

2017-05-27 11:38:03,691 WARN 11500 [-/127.0.0.1/-/1ms OPTIONS /api/forum/list] nodejs.MethodNotAllowedError: Method Not Allowed
    at Object.throw (D:\cq-server\sumi-server\node_modules\koa\lib\context.js:89:23)
    at Object.notAllow (D:\cq-server\sumi-server\node_modules\egg-security\lib\middlewares\methodnoallow.js:18:17)
    at notAllow.next (<anonymous>)
    at Object.<anonymous> (D:\cq-server\sumi-server\node_modules\koa-compose\index.js:28:19)
    at Generator.next (<anonymous>)
    at onFulfilled (D:\cq-server\sumi-server\node_modules\co\index.js:65:19)
    at D:\cq-server\sumi-server\node_modules\co\index.js:54:5
    at Object.co (D:\cq-server\sumi-server\node_modules\co\index.js:50:10)
    at Object.toPromise (D:\cq-server\sumi-server\node_modules\co\index.js:118:63)
    at next (D:\cq-server\sumi-server\node_modules\co\index.js:99:29)
message: 'Method Not Allowed'
pid: 11500
hostname: PW5EMWJM7ZBMK3A

2017-05-27 11:38:05,903 WARN 11500 [-/127.0.0.1/-/1ms OPTIONS /api/forum/list] nodejs.MethodNotAllowedError: Method Not Allowed
    at Object.throw (D:\cq-server\sumi-server\node_modules\koa\lib\context.js:89:23)
    at Object.notAllow (D:\cq-server\sumi-server\node_modules\egg-security\lib\middlewares\methodnoallow.js:18:17)
    at notAllow.next (<anonymous>)
    at Object.<anonymous> (D:\cq-server\sumi-server\node_modules\koa-compose\index.js:28:19)
    at Generator.next (<anonymous>)
    at onFulfilled (D:\cq-server\sumi-server\node_modules\co\index.js:65:19)
    at D:\cq-server\sumi-server\node_modules\co\index.js:54:5
    at Object.co (D:\cq-server\sumi-server\node_modules\co\index.js:50:10)
    at Object.toPromise (D:\cq-server\sumi-server\node_modules\co\index.js:118:63)
    at next (D:\cq-server\sumi-server\node_modules\co\index.js:99:29)
message: 'Method Not Allowed'
pid: 11500
hostname: PW5EMWJM7ZBMK3A

2017-05-27 11:43:58,857 WARN 11388 [-/127.0.0.1/-/5ms OPTIONS /api/forum/list] nodejs.MethodNotAllowedError: Method Not Allowed
    at Object.throw (D:\cq-server\sumi-server\node_modules\koa\lib\context.js:89:23)
    at Object.notAllow (D:\cq-server\sumi-server\node_modules\egg-security\lib\middlewares\methodnoallow.js:18:17)
    at notAllow.next (<anonymous>)
    at Object.<anonymous> (D:\cq-server\sumi-server\node_modules\koa-compose\index.js:28:19)
    at Generator.next (<anonymous>)
    at onFulfilled (D:\cq-server\sumi-server\node_modules\co\index.js:65:19)
    at D:\cq-server\sumi-server\node_modules\co\index.js:54:5
    at Object.co (D:\cq-server\sumi-server\node_modules\co\index.js:50:10)
    at Object.toPromise (D:\cq-server\sumi-server\node_modules\co\index.js:118:63)
    at next (D:\cq-server\sumi-server\node_modules\co\index.js:99:29)
message: 'Method Not Allowed'
pid: 11388
hostname: PW5EMWJM7ZBMK3A

2017-05-27 11:46:25,470 WARN 8420 [-/127.0.0.1/-/5ms OPTIONS /api/forum/list] nodejs.MethodNotAllowedError: Method Not Allowed
    at Object.throw (D:\cq-server\sumi-server\node_modules\koa\lib\context.js:89:23)
    at Object.notAllow (D:\cq-server\sumi-server\node_modules\egg-security\lib\middlewares\methodnoallow.js:18:17)
    at notAllow.next (<anonymous>)
    at Object.<anonymous> (D:\cq-server\sumi-server\node_modules\koa-compose\index.js:28:19)
    at Generator.next (<anonymous>)
    at onFulfilled (D:\cq-server\sumi-server\node_modules\co\index.js:65:19)
    at D:\cq-server\sumi-server\node_modules\co\index.js:54:5
    at Object.co (D:\cq-server\sumi-server\node_modules\co\index.js:50:10)
    at Object.toPromise (D:\cq-server\sumi-server\node_modules\co\index.js:118:63)
    at next (D:\cq-server\sumi-server\node_modules\co\index.js:99:29)
message: 'Method Not Allowed'
pid: 8420
hostname: PW5EMWJM7ZBMK3A

2017-05-27 11:47:06,230 WARN 11804 [-/127.0.0.1/-/5ms OPTIONS /api/forum/list] nodejs.MethodNotAllowedError: Method Not Allowed
    at Object.throw (D:\cq-server\sumi-server\node_modules\koa\lib\context.js:89:23)
    at Object.notAllow (D:\cq-server\sumi-server\node_modules\egg-security\lib\middlewares\methodnoallow.js:18:17)
    at notAllow.next (<anonymous>)
    at Object.<anonymous> (D:\cq-server\sumi-server\node_modules\koa-compose\index.js:28:19)
    at Generator.next (<anonymous>)
    at onFulfilled (D:\cq-server\sumi-server\node_modules\co\index.js:65:19)
    at D:\cq-server\sumi-server\node_modules\co\index.js:54:5
    at Object.co (D:\cq-server\sumi-server\node_modules\co\index.js:50:10)
    at Object.toPromise (D:\cq-server\sumi-server\node_modules\co\index.js:118:63)
    at next (D:\cq-server\sumi-server\node_modules\co\index.js:99:29)
message: 'Method Not Allowed'
pid: 11804
hostname: PW5EMWJM7ZBMK3A

2017-05-27 11:54:18,980 WARN 10356 [-/127.0.0.1/-/5ms OPTIONS /api/forum/list] nodejs.MethodNotAllowedError: Method Not Allowed
    at Object.throw (D:\cq-server\sumi-server\node_modules\koa\lib\context.js:89:23)
    at Object.notAllow (D:\cq-server\sumi-server\node_modules\egg-security\lib\middlewares\methodnoallow.js:18:17)
    at notAllow.next (<anonymous>)
    at Object.<anonymous> (D:\cq-server\sumi-server\node_modules\koa-compose\index.js:28:19)
    at Generator.next (<anonymous>)
    at onFulfilled (D:\cq-server\sumi-server\node_modules\co\index.js:65:19)
    at D:\cq-server\sumi-server\node_modules\co\index.js:54:5
    at Object.co (D:\cq-server\sumi-server\node_modules\co\index.js:50:10)
    at Object.toPromise (D:\cq-server\sumi-server\node_modules\co\index.js:118:63)
    at next (D:\cq-server\sumi-server\node_modules\co\index.js:99:29)
message: 'Method Not Allowed'
pid: 10356
hostname: PW5EMWJM7ZBMK3A

2017-05-27 11:55:50,214 WARN 9668 [-/127.0.0.1/-/5ms OPTIONS /api/forum/list] nodejs.MethodNotAllowedError: Method Not Allowed
    at Object.throw (D:\cq-server\sumi-server\node_modules\koa\lib\context.js:89:23)
    at Object.notAllow (D:\cq-server\sumi-server\node_modules\egg-security\lib\middlewares\methodnoallow.js:18:17)
    at notAllow.next (<anonymous>)
    at Object.<anonymous> (D:\cq-server\sumi-server\node_modules\koa-compose\index.js:28:19)
    at Generator.next (<anonymous>)
    at onFulfilled (D:\cq-server\sumi-server\node_modules\co\index.js:65:19)
    at D:\cq-server\sumi-server\node_modules\co\index.js:54:5
    at Object.co (D:\cq-server\sumi-server\node_modules\co\index.js:50:10)
    at Object.toPromise (D:\cq-server\sumi-server\node_modules\co\index.js:118:63)
    at next (D:\cq-server\sumi-server\node_modules\co\index.js:99:29)
message: 'Method Not Allowed'
pid: 9668
hostname: PW5EMWJM7ZBMK3A

2017-05-27 11:56:50,446 WARN 11676 [-/127.0.0.1/-/5ms OPTIONS /api/forum/list] nodejs.MethodNotAllowedError: Method Not Allowed
    at Object.throw (D:\cq-server\sumi-server\node_modules\koa\lib\context.js:89:23)
    at Object.notAllow (D:\cq-server\sumi-server\node_modules\egg-security\lib\middlewares\methodnoallow.js:18:17)
    at notAllow.next (<anonymous>)
    at Object.<anonymous> (D:\cq-server\sumi-server\node_modules\koa-compose\index.js:28:19)
    at Generator.next (<anonymous>)
    at onFulfilled (D:\cq-server\sumi-server\node_modules\co\index.js:65:19)
    at D:\cq-server\sumi-server\node_modules\co\index.js:54:5
    at Object.co (D:\cq-server\sumi-server\node_modules\co\index.js:50:10)
    at Object.toPromise (D:\cq-server\sumi-server\node_modules\co\index.js:118:63)
    at next (D:\cq-server\sumi-server\node_modules\co\index.js:99:29)
message: 'Method Not Allowed'
pid: 11676
hostname: PW5EMWJM7ZBMK3A

2017-05-27 11:59:52,260 WARN 9144 [-/127.0.0.1/-/5ms OPTIONS /api/forum/list] nodejs.MethodNotAllowedError: Method Not Allowed
    at Object.throw (D:\cq-server\sumi-server\node_modules\koa\lib\context.js:89:23)
    at Object.notAllow (D:\cq-server\sumi-server\node_modules\egg-security\lib\middlewares\methodnoallow.js:18:17)
    at notAllow.next (<anonymous>)
    at Object.<anonymous> (D:\cq-server\sumi-server\node_modules\koa-compose\index.js:28:19)
    at Generator.next (<anonymous>)
    at onFulfilled (D:\cq-server\sumi-server\node_modules\co\index.js:65:19)
    at D:\cq-server\sumi-server\node_modules\co\index.js:54:5
    at Object.co (D:\cq-server\sumi-server\node_modules\co\index.js:50:10)
    at Object.toPromise (D:\cq-server\sumi-server\node_modules\co\index.js:118:63)
    at next (D:\cq-server\sumi-server\node_modules\co\index.js:99:29)
message: 'Method Not Allowed'
pid: 9144
hostname: PW5EMWJM7ZBMK3A

2017-05-27 12:00:18,882 WARN 12188 [-/127.0.0.1/-/4ms OPTIONS /api/forum/list] nodejs.MethodNotAllowedError: Method Not Allowed
    at Object.throw (D:\cq-server\sumi-server\node_modules\koa\lib\context.js:89:23)
    at Object.notAllow (D:\cq-server\sumi-server\node_modules\egg-security\lib\middlewares\methodnoallow.js:18:17)
    at notAllow.next (<anonymous>)
    at Object.<anonymous> (D:\cq-server\sumi-server\node_modules\koa-compose\index.js:28:19)
    at Generator.next (<anonymous>)
    at onFulfilled (D:\cq-server\sumi-server\node_modules\co\index.js:65:19)
    at D:\cq-server\sumi-server\node_modules\co\index.js:54:5
    at Object.co (D:\cq-server\sumi-server\node_modules\co\index.js:50:10)
    at Object.toPromise (D:\cq-server\sumi-server\node_modules\co\index.js:118:63)
    at next (D:\cq-server\sumi-server\node_modules\co\index.js:99:29)
message: 'Method Not Allowed'
pid: 12188
hostname: PW5EMWJM7ZBMK3A

2017-05-27 12:03:52,603 WARN 9388 [-/127.0.0.1/-/5ms OPTIONS /api/forum/list] nodejs.MethodNotAllowedError: Method Not Allowed
    at Object.throw (D:\cq-server\sumi-server\node_modules\koa\lib\context.js:89:23)
    at Object.notAllow (D:\cq-server\sumi-server\node_modules\egg-security\lib\middlewares\methodnoallow.js:18:17)
    at notAllow.next (<anonymous>)
    at Object.<anonymous> (D:\cq-server\sumi-server\node_modules\koa-compose\index.js:28:19)
    at Generator.next (<anonymous>)
    at onFulfilled (D:\cq-server\sumi-server\node_modules\co\index.js:65:19)
    at D:\cq-server\sumi-server\node_modules\co\index.js:54:5
    at Object.co (D:\cq-server\sumi-server\node_modules\co\index.js:50:10)
    at Object.toPromise (D:\cq-server\sumi-server\node_modules\co\index.js:118:63)
    at next (D:\cq-server\sumi-server\node_modules\co\index.js:99:29)
message: 'Method Not Allowed'
pid: 9388
hostname: PW5EMWJM7ZBMK3A

2017-05-27 15:05:28,776 WARN 9188 [-/192.168.16.19/-/17ms OPTIONS /api/forum/list] nodejs.MethodNotAllowedError: Method Not Allowed
    at Object.throw (E:\wamp\sumi-server\node_modules\koa\lib\context.js:89:23)
    at Object.notAllow (E:\wamp\sumi-server\node_modules\egg-security\lib\middlewares\methodnoallow.js:18:17)
    at notAllow.next (<anonymous>)
    at Object.<anonymous> (E:\wamp\sumi-server\node_modules\koa-compose\index.js:28:19)
    at Generator.next (<anonymous>)
    at onFulfilled (E:\wamp\sumi-server\node_modules\co\index.js:65:19)
    at E:\wamp\sumi-server\node_modules\co\index.js:54:5
    at Object.co (E:\wamp\sumi-server\node_modules\co\index.js:50:10)
    at Object.toPromise (E:\wamp\sumi-server\node_modules\co\index.js:118:63)
    at next (E:\wamp\sumi-server\node_modules\co\index.js:99:29)
message: 'Method Not Allowed'
pid: 9188
hostname: O1SCA91JEKG1MM4

2017-05-27 15:06:40,281 WARN 8580 [-/192.168.16.19/-/16ms OPTIONS /api/forum/list] nodejs.MethodNotAllowedError: Method Not Allowed
    at Object.throw (E:\wamp\sumi-server\node_modules\koa\lib\context.js:89:23)
    at Object.notAllow (E:\wamp\sumi-server\node_modules\egg-security\lib\middlewares\methodnoallow.js:18:17)
    at notAllow.next (<anonymous>)
    at Object.<anonymous> (E:\wamp\sumi-server\node_modules\koa-compose\index.js:28:19)
    at Generator.next (<anonymous>)
    at onFulfilled (E:\wamp\sumi-server\node_modules\co\index.js:65:19)
    at E:\wamp\sumi-server\node_modules\co\index.js:54:5
    at Object.co (E:\wamp\sumi-server\node_modules\co\index.js:50:10)
    at Object.toPromise (E:\wamp\sumi-server\node_modules\co\index.js:118:63)
    at next (E:\wamp\sumi-server\node_modules\co\index.js:99:29)
message: 'Method Not Allowed'
pid: 8580
hostname: O1SCA91JEKG1MM4

2017-05-27 16:54:36,425 WARN 8788 [-/192.168.16.19/-/10ms OPTIONS /api/forum/list] nodejs.MethodNotAllowedError: Method Not Allowed
    at Object.throw (E:\wamp\sumi-server\node_modules\koa\lib\context.js:89:23)
    at Object.notAllow (E:\wamp\sumi-server\node_modules\egg-security\lib\middlewares\methodnoallow.js:18:17)
    at notAllow.next (<anonymous>)
    at Object.<anonymous> (E:\wamp\sumi-server\node_modules\koa-compose\index.js:28:19)
    at Generator.next (<anonymous>)
    at onFulfilled (E:\wamp\sumi-server\node_modules\co\index.js:65:19)
    at E:\wamp\sumi-server\node_modules\co\index.js:54:5
    at Object.co (E:\wamp\sumi-server\node_modules\co\index.js:50:10)
    at Object.toPromise (E:\wamp\sumi-server\node_modules\co\index.js:118:63)
    at next (E:\wamp\sumi-server\node_modules\co\index.js:99:29)
message: 'Method Not Allowed'
pid: 8788
hostname: O1SCA91JEKG1MM4

